\BOOKMARK [1][]{section*.1}{Esipuhe}{}% 1
\BOOKMARK [1][]{section.1}{1 Sanasto}{}% 2
\BOOKMARK [1][]{section.2}{2 Johdanto}{}% 3
\BOOKMARK [1][]{section.3}{3 Tausta}{}% 4
\BOOKMARK [2][]{subsection.3.1}{3.1 Aiheen rajaus}{section.3}% 5
\BOOKMARK [1][]{section.4}{4 Kirjallisuuskatsaus}{}% 6
\BOOKMARK [1][]{section.5}{5 Tutkimuksen rakenne}{}% 7
\BOOKMARK [1][]{section.6}{6 MVC}{}% 8
\BOOKMARK [2][]{subsection.6.1}{6.1 Historia}{section.6}% 9
\BOOKMARK [2][]{subsection.6.2}{6.2 Malli \(Class Model\)}{section.6}% 10
\BOOKMARK [2][]{subsection.6.3}{6.3 N\344kym\344 \(Class View\)}{section.6}% 11
\BOOKMARK [2][]{subsection.6.4}{6.4 Ohjain \(Class Controller\)}{section.6}% 12
\BOOKMARK [2][]{subsection.6.5}{6.5 Esimerkkiohjelma}{section.6}% 13
\BOOKMARK [1][]{section.7}{7 Pyramid}{}% 14
\BOOKMARK [2][]{subsection.7.1}{7.1 Tausta}{section.7}% 15
\BOOKMARK [2][]{subsection.7.2}{7.2 Sis\344lt\366}{section.7}% 16
\BOOKMARK [2][]{subsection.7.3}{7.3 Tiedostorakenne}{section.7}% 17
\BOOKMARK [1][]{section.8}{8 MVC \046 Pyramid}{}% 18
\BOOKMARK [2][]{subsection.8.1}{8.1 N\344k\366kulman rajaaminen}{section.8}% 19
\BOOKMARK [2][]{subsection.8.2}{8.2 Tiedostojen tarkastelu}{section.8}% 20
\BOOKMARK [2][]{subsection.8.3}{8.3 Sovelluksen toiminta}{section.8}% 21
\BOOKMARK [2][]{subsection.8.4}{8.4 Yhteenveto}{section.8}% 22
\BOOKMARK [1][]{section.9}{9 Tulokset}{}% 23
\BOOKMARK [1][]{section.10}{10 Johtop\344\344t\366kset}{}% 24
\BOOKMARK [1][]{section*.3}{L\344hteet}{}% 25
